Using Expo modules
[Expo] Enabling modular headers for pod ExpoModulesCore
[Expo] Enabling modular headers for pod React-Core
[Expo] Enabling modular headers for pod GoogleSignIn
[Expo] Enabling modular headers for pod React-RCTAppDelegate
[Expo] Enabling modular headers for pod React-RCTFabric
[Expo] Enabling modular headers for pod ReactAppDependencyProvider
[Expo] Enabling modular headers for pod ReactCodegen
[Expo] Enabling modular headers for pod RCTRequired
[Expo] Enabling modular headers for pod RCTTypeSafety
[Expo] Enabling modular headers for pod ReactCommon
[Expo] Enabling modular headers for pod React-NativeModulesApple
[Expo] Enabling modular headers for pod Yoga
[Expo] Enabling modular headers for pod React-Fabric
[Expo] Enabling modular headers for pod React-graphics
[Expo] Enabling modular headers for pod React-utils
[Expo] Enabling modular headers for pod React-featureflags
[Expo] Enabling modular headers for pod React-debug
[Expo] Enabling modular headers for pod React-ImageManager
[Expo] Enabling modular headers for pod React-rendererdebug
[Expo] Enabling modular headers for pod React-jsi
[Expo] Enabling modular headers for pod React-renderercss
[Expo] Enabling modular headers for pod hermes-engine
[Expo] Enabling modular headers for pod glog
[Expo] Enabling modular headers for pod boost
[Expo] Enabling modular headers for pod DoubleConversion
[Expo] Enabling modular headers for pod fast_float
[Expo] Enabling modular headers for pod fmt
[Expo] Enabling modular headers for pod RCT-Folly
[Expo] Enabling modular headers for pod SocketRocket
Found 11 modules for target `BiblePuzzleQuest`
link_native_modules! {ios_packages: [{configurations: [], name: "@react-native-async-storage/async-storage", root: "/Users/yosef/Documents/Projects/ChristianPuzzle/WordPuzzle/node_modules/@react-native-async-storage/async-storage", path: "../node_modules/@react-native-async-storage/async-storage", podspec_path: "/Users/yosef/Documents/Projects/ChristianPuzzle/WordPuzzle/node_modules/@react-native-async-storage/async-storage/RNCAsyncStorage.podspec", script_phases: []}, {configurations: [], name: "@react-native-firebase/app", root: "/Users/yosef/Documents/Projects/ChristianPuzzle/WordPuzzle/node_modules/@react-native-firebase/app", path: "../node_modules/@react-native-firebase/app", podspec_path: "/Users/yosef/Documents/Projects/ChristianPuzzle/WordPuzzle/node_modules/@react-native-firebase/app/RNFBApp.podspec", script_phases: [{"name" => "[RNFB] Core Configuration", "path" => "./ios_config.sh", "execution_position" => "after_compile", "input_files" => ["$(BUILT_PRODUCTS_DIR)/$(INFOPLIST_PATH)"]}]}, {configurations: [], name: "@react-native-firebase/auth", root: "/Users/yosef/Documents/Projects/ChristianPuzzle/WordPuzzle/node_modules/@react-native-firebase/auth", path: "../node_modules/@react-native-firebase/auth", podspec_path: "/Users/yosef/Documents/Projects/ChristianPuzzle/WordPuzzle/node_modules/@react-native-firebase/auth/RNFBAuth.podspec", script_phases: []}, {configurations: [], name: "@react-native-firebase/firestore", root: "/Users/yosef/Documents/Projects/ChristianPuzzle/WordPuzzle/node_modules/@react-native-firebase/firestore", path: "../node_modules/@react-native-firebase/firestore", podspec_path: "/Users/yosef/Documents/Projects/ChristianPuzzle/WordPuzzle/node_modules/@react-native-firebase/firestore/RNFBFirestore.podspec", script_phases: []}, {configurations: [], name: "@react-native-google-signin/google-signin", root: "/Users/yosef/Documents/Projects/ChristianPuzzle/WordPuzzle/node_modules/@react-native-google-signin/google-signin", path: "../node_modules/@react-native-google-signin/google-signin", podspec_path: "/Users/yosef/Documents/Projects/ChristianPuzzle/WordPuzzle/node_modules/@react-native-google-signin/google-signin/RNGoogleSignin.podspec", script_phases: []}, {configurations: [], name: "expo", root: "/Users/yosef/Documents/Projects/ChristianPuzzle/WordPuzzle/node_modules/expo", path: "../node_modules/expo", podspec_path: "/Users/yosef/Documents/Projects/ChristianPuzzle/WordPuzzle/node_modules/expo/Expo.podspec", script_phases: []}, {configurations: [], name: "react-native-gesture-handler", root: "/Users/yosef/Documents/Projects/ChristianPuzzle/WordPuzzle/node_modules/react-native-gesture-handler", path: "../node_modules/react-native-gesture-handler", podspec_path: "/Users/yosef/Documents/Projects/ChristianPuzzle/WordPuzzle/node_modules/react-native-gesture-handler/RNGestureHandler.podspec", script_phases: []}, {configurations: [], name: "react-native-reanimated", root: "/Users/yosef/Documents/Projects/ChristianPuzzle/WordPuzzle/node_modules/react-native-reanimated", path: "../node_modules/react-native-reanimated", podspec_path: "/Users/yosef/Documents/Projects/ChristianPuzzle/WordPuzzle/node_modules/react-native-reanimated/RNReanimated.podspec", script_phases: []}, {configurations: [], name: "react-native-safe-area-context", root: "/Users/yosef/Documents/Projects/ChristianPuzzle/WordPuzzle/node_modules/react-native-safe-area-context", path: "../node_modules/react-native-safe-area-context", podspec_path: "/Users/yosef/Documents/Projects/ChristianPuzzle/WordPuzzle/node_modules/react-native-safe-area-context/react-native-safe-area-context.podspec", script_phases: []}, {configurations: [], name: "react-native-screens", root: "/Users/yosef/Documents/Projects/ChristianPuzzle/WordPuzzle/node_modules/react-native-screens", path: "../node_modules/react-native-screens", podspec_path: "/Users/yosef/Documents/Projects/ChristianPuzzle/WordPuzzle/node_modules/react-native-screens/RNScreens.podspec", script_phases: []}, {configurations: [], name: "react-native-worklets", root: "/Users/yosef/Documents/Projects/ChristianPuzzle/WordPuzzle/node_modules/react-native-worklets", path: "../node_modules/react-native-worklets", podspec_path: "/Users/yosef/Documents/Projects/ChristianPuzzle/WordPuzzle/node_modules/react-native-worklets/RNWorklets.podspec", script_phases: []}], ios_project_root_path: "/Users/yosef/Documents/Projects/ChristianPuzzle/WordPuzzle/ios", react_native_path: "../node_modules/react-native"}
Adding a custom script phase for Pod RNFBApp: [RNFB] Core Configuration
Auto-linking React Native modules for target `BiblePuzzleQuest`: RNCAsyncStorage, RNFBApp, RNFBAuth, RNFBFirestore, RNGestureHandler, RNGoogleSignin, RNReanimated, RNScreens, RNWorklets, and react-native-safe-area-context
Framework build type is static library
[ReactNativeDependencies] Setting up ReactNativeDependencies...
[ReactNativeDependencies] Building from source: false
[ReactNativeDependencies] Using release tarball
[ReactNativeDependencies] Using tarball from URL: https://repo1.maven.org/maven2/com/facebook/react/react-native-artifacts/0.81.5/react-native-artifacts-0.81.5-reactnative-dependencies-debug.tar.gz
[ReactNativeDependencies] Source: {http: "https://repo1.maven.org/maven2/com/facebook/react/react-native-artifacts/0.81.5/react-native-artifacts-0.81.5-reactnative-dependencies-debug.tar.gz"}
[ReactNativeCore] Setting up ReactNativeCore...
[ReactNativeCore] Building from source: false
[ReactNativeCore] Using tarball from URL: https://repo1.maven.org/maven2/com/facebook/react/react-native-artifacts/0.81.5/react-native-artifacts-0.81.5-reactnative-core-debug.tar.gz
[ReactNativeCore] Source: {http: "https://repo1.maven.org/maven2/com/facebook/react/react-native-artifacts/0.81.5/react-native-artifacts-0.81.5-reactnative-core-debug.tar.gz"}
Configuring the target with the New Architecture
[ReactNativeCore] Using React Native Core and React Native Dependencies prebuilt versions.
[36m[1m[Codegen][0m Analyzing /Users/yosef/Documents/Projects/ChristianPuzzle/WordPuzzle/package.json[0m
[36m[1m[Codegen][0m [33mSearching for codegen-enabled libraries in the app.[0m
[36m[1m[Codegen][0m [33mThe "codegenConfig" field is not defined in package.json. Assuming there is nothing to generate at the app level.[0m
[36m[1m[Codegen][0m [33mSearching for codegen-enabled libraries in react-native.config.js[0m
[36m[1m[Codegen][0m Found @react-native-async-storage/async-storage[0m
[36m[1m[Codegen][0m Found @react-native-google-signin/google-signin[0m
[36m[1m[Codegen][0m Found react-native-gesture-handler[0m
[36m[1m[Codegen][0m Found react-native-reanimated[0m
[36m[1m[Codegen][0m Found react-native-safe-area-context[0m
[36m[1m[Codegen][0m Found react-native-screens[0m
[36m[1m[Codegen][0m Found react-native-worklets[0m
[36m[1m[Codegen][0m Processing rnasyncstorage[0m
[36m[1m[Codegen][0m [33mSearching for podspec in the project dependencies.[0m
[36m[1m[Codegen][0m Supported Apple platforms: ios, macos, tvos, visionos for rnasyncstorage[0m
[36m[1m[Codegen][0m Processing RNGoogleSignInCGen[0m
[36m[1m[Codegen][0m [33mSearching for podspec in the project dependencies.[0m
[36m[1m[Codegen][0m Supported Apple platforms: ios for RNGoogleSignInCGen[0m
[36m[1m[Codegen][0m Processing rngesturehandler_codegen[0m
[36m[1m[Codegen][0m [33mSearching for podspec in the project dependencies.[0m
[36m[1m[Codegen][0m Supported Apple platforms: ios, macos, tvos, visionos for rngesturehandler_codegen[0m
[36m[1m[Codegen][0m Processing rnreanimated[0m
[36m[1m[Codegen][0m [33mSearching for podspec in the project dependencies.[0m
[36m[1m[Codegen][0m Supported Apple platforms: ios, macos, tvos, visionos for rnreanimated[0m
[36m[1m[Codegen][0m Processing safeareacontext[0m
[36m[1m[Codegen][0m [33mSearching for podspec in the project dependencies.[0m
[36m[1m[Codegen][0m Supported Apple platforms: ios, macos, tvos, visionos for safeareacontext[0m
[36m[1m[Codegen][0m Processing rnscreens[0m
[36m[1m[Codegen][0m [33mSearching for podspec in the project dependencies.[0m
[36m[1m[Codegen][0m Supported Apple platforms: ios, tvos, visionos for rnscreens[0m
[36m[1m[Codegen][0m Processing rnworklets[0m
[36m[1m[Codegen][0m [33mSearching for podspec in the project dependencies.[0m
[36m[1m[Codegen][0m Supported Apple platforms: ios, macos, tvos, visionos for rnworklets[0m
[36m[1m[Codegen][0m Generating Native Code for rnasyncstorage - ios[0m
[36m[1m[Codegen][0m Generated artifacts: /Users/yosef/Documents/Projects/ChristianPuzzle/WordPuzzle/ios/build/generated/ios[0m
[36m[1m[Codegen][0m Generating Native Code for RNGoogleSignInCGen - ios[0m
[36m[1m[Codegen][0m Generated artifacts: /Users/yosef/Documents/Projects/ChristianPuzzle/WordPuzzle/ios/build/generated/ios[0m
[36m[1m[Codegen][0m Generating Native Code for rngesturehandler_codegen - ios[0m
[36m[1m[Codegen][0m Generated artifacts: /Users/yosef/Documents/Projects/ChristianPuzzle/WordPuzzle/ios/build/generated/ios[0m
[36m[1m[Codegen][0m Generating Native Code for rnreanimated - ios[0m
[36m[1m[Codegen][0m Generated artifacts: /Users/yosef/Documents/Projects/ChristianPuzzle/WordPuzzle/ios/build/generated/ios[0m
[36m[1m[Codegen][0m Generating Native Code for safeareacontext - ios[0m
[36m[1m[Codegen][0m Generated artifacts: /Users/yosef/Documents/Projects/ChristianPuzzle/WordPuzzle/ios/build/generated/ios[0m
[36m[1m[Codegen][0m Generating Native Code for rnscreens - ios[0m
[36m[1m[Codegen][0m Generated artifacts: /Users/yosef/Documents/Projects/ChristianPuzzle/WordPuzzle/ios/build/generated/ios[0m
[36m[1m[Codegen][0m Generating Native Code for rnworklets - ios[0m
[36m[1m[Codegen][0m Generated artifacts: /Users/yosef/Documents/Projects/ChristianPuzzle/WordPuzzle/ios/build/generated/ios[0m
[36m[1m[Codegen][0m Generating RCTThirdPartyComponentsProvider.h[0m
[36m[1m[Codegen][0m Generated artifact: /Users/yosef/Documents/Projects/ChristianPuzzle/WordPuzzle/ios/build/generated/ios/RCTThirdPartyComponentsProvider.h[0m
[36m[1m[Codegen][0m Generating RCTThirdPartyComponentsProvider.mm[0m
[36m[1m[Codegen][0m Generated artifact: /Users/yosef/Documents/Projects/ChristianPuzzle/WordPuzzle/ios/build/generated/ios/RCTThirdPartyComponentsProvider.mm[0m
[36m[1m[Codegen][0m Generating RCTModulesProvider.h[0m
[36m[1m[Codegen][0m Generated artifact: /Users/yosef/Documents/Projects/ChristianPuzzle/WordPuzzle/ios/build/generated/ios/RCTModuleProviders.h[0m
[36m[1m[Codegen][0m Generating RCTModuleProviders.mm[0m
[36m[1m[Codegen][0m Generated artifact: /Users/yosef/Documents/Projects/ChristianPuzzle/WordPuzzle/ios/build/generated/ios/RCTModuleProviders.mm[0m
[36m[1m[Codegen][0m Generating RCTAppDependencyProvider[0m
[36m[1m[Codegen][0m Generated artifact: /Users/yosef/Documents/Projects/ChristianPuzzle/WordPuzzle/ios/build/generated/ios/RCTAppDependencyProvider.h[0m
[36m[1m[Codegen][0m Generated artifact: /Users/yosef/Documents/Projects/ChristianPuzzle/WordPuzzle/ios/build/generated/ios/RCTAppDependencyProvider.mm[0m
[36m[1m[Codegen][0m Generated podspec: /Users/yosef/Documents/Projects/ChristianPuzzle/WordPuzzle/ios/build/generated/ios/ReactAppDependencyProvider.podspec[0m
[36m[1m[Codegen][0m Generated podspec: /Users/yosef/Documents/Projects/ChristianPuzzle/WordPuzzle/ios/build/generated/ios/ReactCodegen.podspec[0m
[36m[1m[Codegen][0m [33mDone.[0m
[ReactNativeDependencies] Using release tarball
[ReactNativeDependencies] Using tarball from URL: https://repo1.maven.org/maven2/com/facebook/react/react-native-artifacts/0.81.5/react-native-artifacts-0.81.5-reactnative-dependencies-debug.tar.gz
Analyzing dependencies
Fetching podspec for `React-Core-prebuilt` from `../node_modules/react-native/React-Core-prebuilt.podspec`
[ReactNativeCore] Using tarball from URL: https://repo1.maven.org/maven2/com/facebook/react/react-native-artifacts/0.81.5/react-native-artifacts-0.81.5-reactnative-core-debug.tar.gz
Fetching podspec for `ReactNativeDependencies` from `../node_modules/react-native/third-party-podspecs/ReactNativeDependencies.podspec`
[ReactNativeDependencies] Using release tarball
[ReactNativeDependencies] Using tarball from URL: https://repo1.maven.org/maven2/com/facebook/react/react-native-artifacts/0.81.5/react-native-artifacts-0.81.5-reactnative-dependencies-debug.tar.gz
Fetching podspec for `hermes-engine` from `../node_modules/react-native/sdks/hermes-engine/hermes-engine.podspec`
[Hermes] Using release tarball from URL: https://repo1.maven.org/maven2/com/facebook/react/react-native-artifacts/0.81.5/react-native-artifacts-0.81.5-hermes-ios-debug.tar.gz
Downloading dependencies
Installing AppAuth (2.0.0)
Installing AppCheckCore (11.2.0)
Installing BoringSSL-GRPC (0.0.37)

――― MARKDOWN TEMPLATE ―――――――――――――――――――――――――――――――――――――――――――――――――――――――――――

### Command

```
/opt/homebrew/Cellar/cocoapods/1.16.2_1/libexec/bin/pod install --no-repo-update
```

### Report

* What did you do?

* What did you expect to happen?

* What happened instead?


### Stack

```
   CocoaPods : 1.16.2
        Ruby : ruby 3.4.4 (2025-05-14 revision a38531fd3f) +PRISM [arm64-darwin24]
    RubyGems : 3.6.9
        Host : macOS 15.3.1 (24D70)
       Xcode : 16.2 (16C5032a)
         Git : git version 2.39.5 (Apple Git-154)
Ruby lib dir : /opt/homebrew/Cellar/ruby/3.4.4/lib
Repositories : trunk - CDN - https://cdn.cocoapods.org/
```

### Plugins

```
cocoapods-deintegrate : 1.0.5
cocoapods-plugins     : 1.0.0
cocoapods-search      : 1.0.1
cocoapods-trunk       : 1.6.0
cocoapods-try         : 1.2.0
```

### Podfile

```ruby
require File.join(File.dirname(`node --print "require.resolve('expo/package.json')"`), "scripts/autolinking")
require File.join(File.dirname(`node --print "require.resolve('react-native/package.json')"`), "scripts/react_native_pods")

require 'json'
podfile_properties = JSON.parse(File.read(File.join(__dir__, 'Podfile.properties.json'))) rescue {}

def ccache_enabled?(podfile_properties)
  # Environment variable takes precedence
  return ENV['USE_CCACHE'] == '1' if ENV['USE_CCACHE']
  
  # Fall back to Podfile properties
  podfile_properties['apple.ccacheEnabled'] == 'true'
end

ENV['RCT_NEW_ARCH_ENABLED'] ||= '0' if podfile_properties['newArchEnabled'] == 'false'
ENV['EX_DEV_CLIENT_NETWORK_INSPECTOR'] ||= podfile_properties['EX_DEV_CLIENT_NETWORK_INSPECTOR']
ENV['RCT_USE_RN_DEP'] ||= '1' if podfile_properties['ios.buildReactNativeFromSource'] != 'true' && podfile_properties['newArchEnabled'] != 'false'
ENV['RCT_USE_PREBUILT_RNCORE'] ||= '1' if podfile_properties['ios.buildReactNativeFromSource'] != 'true' && podfile_properties['newArchEnabled'] != 'false'
platform :ios, podfile_properties['ios.deploymentTarget'] || '15.1'

prepare_react_native_project!

target 'BiblePuzzleQuest' do
  use_expo_modules!

  if ENV['EXPO_USE_COMMUNITY_AUTOLINKING'] == '1'
    config_command = ['node', '-e', "process.argv=['', '', 'config'];require('@react-native-community/cli').run()"];
  else
    config_command = [
      'npx',
      'expo-modules-autolinking',
      'react-native-config',
      '--json',
      '--platform',
      'ios'
    ]
  end

  config = use_native_modules!(config_command)

  use_frameworks! :linkage => podfile_properties['ios.useFrameworks'].to_sym if podfile_properties['ios.useFrameworks']
  use_frameworks! :linkage => ENV['USE_FRAMEWORKS'].to_sym if ENV['USE_FRAMEWORKS']

  use_react_native!(
    :path => config[:reactNativePath],
    :hermes_enabled => podfile_properties['expo.jsEngine'] == nil || podfile_properties['expo.jsEngine'] == 'hermes',
    # An absolute path to your application root.
    :app_path => "#{Pod::Config.instance.installation_root}/..",
    :privacy_file_aggregation_enabled => podfile_properties['apple.privacyManifestAggregationEnabled'] != 'false',
  )

  post_install do |installer|
    react_native_post_install(
      installer,
      config[:reactNativePath],
      :mac_catalyst_enabled => false,
      :ccache_enabled => false,
    )
    
    installer.pods_project.targets.each do |target|
      target.build_configurations.each do |config|
        config.build_settings['IPHONEOS_DEPLOYMENT_TARGET'] = '15.1'
        config.build_settings['ENABLE_BITCODE'] = 'NO'
      end
    end
  end
end
```

### Error

```
SignalException - SIGTERM
/opt/homebrew/Cellar/cocoapods/1.16.2_1/libexec/gems/cocoapods-1.16.2/lib/cocoapods/executable.rb:180:in 'Thread#value'
/opt/homebrew/Cellar/cocoapods/1.16.2_1/libexec/gems/cocoapods-1.16.2/lib/cocoapods/executable.rb:180:in 'block in Pod::Executable.popen3'
/opt/homebrew/Cellar/ruby/3.4.4/lib/ruby/3.4.0/open3.rb:540:in 'Open3.popen_run'
/opt/homebrew/Cellar/ruby/3.4.4/lib/ruby/3.4.0/open3.rb:235:in 'Open3.popen3'
/opt/homebrew/Cellar/cocoapods/1.16.2_1/libexec/gems/cocoapods-1.16.2/lib/cocoapods/executable.rb:175:in 'Pod::Executable.popen3'
/opt/homebrew/Cellar/cocoapods/1.16.2_1/libexec/gems/cocoapods-1.16.2/lib/cocoapods/executable.rb:67:in 'Pod::Executable.execute_command'
/opt/homebrew/Cellar/cocoapods/1.16.2_1/libexec/gems/cocoapods-1.16.2/lib/cocoapods/downloader.rb:142:in 'execute_command'
/opt/homebrew/Cellar/cocoapods/1.16.2_1/libexec/gems/cocoapods-downloader-2.1/lib/cocoapods-downloader/base.rb:175:in 'block in Pod::Downloader::Git#executable'
/opt/homebrew/Cellar/cocoapods/1.16.2_1/libexec/gems/cocoapods-downloader-2.1/lib/cocoapods-downloader/git.rb:107:in 'block in Pod::Downloader::Git#clone'
/opt/homebrew/Cellar/cocoapods/1.16.2_1/libexec/gems/cocoapods-1.16.2/lib/cocoapods/downloader.rb:175:in 'block in ui_sub_action'
/opt/homebrew/Cellar/cocoapods/1.16.2_1/libexec/gems/cocoapods-1.16.2/lib/cocoapods/user_interface.rb:64:in 'Pod::UserInterface.section'
/opt/homebrew/Cellar/cocoapods/1.16.2_1/libexec/gems/cocoapods-1.16.2/lib/cocoapods/downloader.rb:174:in 'ui_sub_action'
/opt/homebrew/Cellar/cocoapods/1.16.2_1/libexec/gems/cocoapods-downloader-2.1/lib/cocoapods-downloader/git.rb:105:in 'Pod::Downloader::Git#clone'
/opt/homebrew/Cellar/cocoapods/1.16.2_1/libexec/gems/cocoapods-downloader-2.1/lib/cocoapods-downloader/git.rb:73:in 'Pod::Downloader::Git#download!'
/opt/homebrew/Cellar/cocoapods/1.16.2_1/libexec/gems/cocoapods-downloader-2.1/lib/cocoapods-downloader/base.rb:83:in 'block in Pod::Downloader::Base#download'
/opt/homebrew/Cellar/cocoapods/1.16.2_1/libexec/gems/cocoapods-1.16.2/lib/cocoapods/downloader.rb:159:in 'block in ui_action'
/opt/homebrew/Cellar/cocoapods/1.16.2_1/libexec/gems/cocoapods-1.16.2/lib/cocoapods/user_interface.rb:64:in 'Pod::UserInterface.section'
/opt/homebrew/Cellar/cocoapods/1.16.2_1/libexec/gems/cocoapods-1.16.2/lib/cocoapods/downloader.rb:158:in 'ui_action'
/opt/homebrew/Cellar/cocoapods/1.16.2_1/libexec/gems/cocoapods-downloader-2.1/lib/cocoapods-downloader/base.rb:81:in 'Pod::Downloader::Base#download'
/opt/homebrew/Cellar/cocoapods/1.16.2_1/libexec/gems/cocoapods-1.16.2/lib/cocoapods/downloader.rb:110:in 'Pod::Downloader.download_source'
/opt/homebrew/Cellar/cocoapods/1.16.2_1/libexec/gems/cocoapods-1.16.2/lib/cocoapods/downloader.rb:77:in 'Pod::Downloader.download_request'
/opt/homebrew/Cellar/cocoapods/1.16.2_1/libexec/gems/cocoapods-1.16.2/lib/cocoapods/downloader/cache.rb:256:in 'Pod::Downloader::Cache#download'
/opt/homebrew/Cellar/cocoapods/1.16.2_1/libexec/gems/cocoapods-1.16.2/lib/cocoapods/downloader/cache.rb:239:in 'block in Pod::Downloader::Cache#uncached_pod'
/opt/homebrew/Cellar/cocoapods/1.16.2_1/libexec/gems/cocoapods-1.16.2/lib/cocoapods/downloader/cache.rb:266:in 'Pod::Downloader::Cache#in_tmpdir'
/opt/homebrew/Cellar/cocoapods/1.16.2_1/libexec/gems/cocoapods-1.16.2/lib/cocoapods/downloader/cache.rb:238:in 'Pod::Downloader::Cache#uncached_pod'
/opt/homebrew/Cellar/cocoapods/1.16.2_1/libexec/gems/cocoapods-1.16.2/lib/cocoapods/downloader/cache.rb:33:in 'Pod::Downloader::Cache#download_pod'
/opt/homebrew/Cellar/cocoapods/1.16.2_1/libexec/gems/cocoapods-1.16.2/lib/cocoapods/downloader.rb:42:in 'Pod::Downloader.download'
/opt/homebrew/Cellar/cocoapods/1.16.2_1/libexec/gems/cocoapods-1.16.2/lib/cocoapods/installer/pod_source_downloader.rb:69:in 'Pod::Installer::PodSourceDownloader#download!'
/opt/homebrew/Cellar/cocoapods/1.16.2_1/libexec/gems/cocoapods-1.16.2/lib/cocoapods/installer/pod_source_installer.rb:117:in 'Pod::Installer::PodSourceInstaller#download_source'
/opt/homebrew/Cellar/cocoapods/1.16.2_1/libexec/gems/cocoapods-1.16.2/lib/cocoapods/installer/pod_source_installer.rb:67:in 'Pod::Installer::PodSourceInstaller#install!'
/opt/homebrew/Cellar/cocoapods/1.16.2_1/libexec/gems/cocoapods-1.16.2/lib/cocoapods/installer.rb:621:in 'Pod::Installer#install_source_of_pod'
/opt/homebrew/Cellar/cocoapods/1.16.2_1/libexec/gems/cocoapods-1.16.2/lib/cocoapods/installer.rb:539:in 'block (2 levels) in Pod::Installer#install_pod_sources'
/opt/homebrew/Cellar/cocoapods/1.16.2_1/libexec/gems/cocoapods-1.16.2/lib/cocoapods/user_interface.rb:86:in 'Pod::UserInterface.titled_section'
/opt/homebrew/Cellar/cocoapods/1.16.2_1/libexec/gems/cocoapods-1.16.2/lib/cocoapods/installer.rb:538:in 'block in Pod::Installer#install_pod_sources'
/opt/homebrew/Cellar/cocoapods/1.16.2_1/libexec/gems/cocoapods-1.16.2/lib/cocoapods/installer.rb:535:in 'Array#each'
/opt/homebrew/Cellar/cocoapods/1.16.2_1/libexec/gems/cocoapods-1.16.2/lib/cocoapods/installer.rb:535:in 'Pod::Installer#install_pod_sources'
/opt/homebrew/Cellar/cocoapods/1.16.2_1/libexec/gems/cocoapods-1.16.2/lib/cocoapods/installer.rb:258:in 'block in Pod::Installer#download_dependencies'
/opt/homebrew/Cellar/cocoapods/1.16.2_1/libexec/gems/cocoapods-1.16.2/lib/cocoapods/user_interface.rb:64:in 'Pod::UserInterface.section'
/opt/homebrew/Cellar/cocoapods/1.16.2_1/libexec/gems/cocoapods-1.16.2/lib/cocoapods/installer.rb:257:in 'Pod::Installer#download_dependencies'
/opt/homebrew/Cellar/cocoapods/1.16.2_1/libexec/gems/cocoapods-1.16.2/lib/cocoapods/installer.rb:163:in 'Pod::Installer#install!'
/opt/homebrew/Cellar/cocoapods/1.16.2_1/libexec/gems/cocoapods-1.16.2/lib/cocoapods/command/install.rb:52:in 'Pod::Command::Install#run'
/opt/homebrew/Cellar/cocoapods/1.16.2_1/libexec/gems/claide-1.1.0/lib/claide/command.rb:334:in 'CLAide::Command.run'
/opt/homebrew/Cellar/cocoapods/1.16.2_1/libexec/gems/cocoapods-1.16.2/lib/cocoapods/command.rb:52:in 'Pod::Command.run'
/opt/homebrew/Cellar/cocoapods/1.16.2_1/libexec/gems/cocoapods-1.16.2/bin/pod:55:in '<top (required)>'
/opt/homebrew/Cellar/cocoapods/1.16.2_1/libexec/bin/pod:25:in 'Kernel#load'
/opt/homebrew/Cellar/cocoapods/1.16.2_1/libexec/bin/pod:25:in '<main>'
```

――― TEMPLATE END ――――――――――――――――――――――――――――――――――――――――――――――――――――――――――――――――

[!] Oh no, an error occurred.

Search for existing GitHub issues similar to yours:
https://github.com/CocoaPods/CocoaPods/search?q=SIGTERM&type=Issues

If none exists, create a ticket, with the template displayed above, on:
https://github.com/CocoaPods/CocoaPods/issues/new

Be sure to first read the contributing guide for details on how to properly submit a ticket:
https://github.com/CocoaPods/CocoaPods/blob/master/CONTRIBUTING.md

Don't forget to anonymize any private data!

Looking for related issues on cocoapods/cocoapods...
 - Command PhaseScriptExecution failed with a nonzero exit code -- rsync error: received SIGINT, SIGTERM, or SIGHUP (code 20)
   https://github.com/CocoaPods/CocoaPods/issues/12060 [open] [9 comments]
   10 Mar 2024

 - ERROR | xcodebuild: Returned an unsuccessful exit code
   https://github.com/CocoaPods/CocoaPods/issues/12308 [open] [2 comments]
   30 May 2024

 - PhaseScriptExecution Error: resources.sh: No such file or directory
   https://github.com/CocoaPods/CocoaPods/issues/8677 [open] [13 comments]
   22 Sep 2023

and 10 more at:
https://github.com/cocoapods/cocoapods/search?q=SIGTERM&type=Issues&utf8=✓
